<?xml version="1.0" encoding="utf-8"?><testsuites><testsuite name="pytest" errors="10" failures="0" skipped="0" tests="10" time="5.645" timestamp="2023-05-11T12:16:58.219483" hostname="AMANL2JV6VF74"><testcase classname="tests.test_endpoints" name="test_ping" time="0.001"><error message="failed on setup with &quot;ValueError: PROXY_NAME is not defined.&quot;">args = ()
kwargs = {'nhsd_apim_config': {'APIGEE_ACCESS_TOKEN': '', 'APIGEE_APP_ID': '', 'APIGEE_DEVELOPER': 'apm-testing-internal-dev@nh..., 'APIGEE_ORGANIZATION': 'nhsd-nonprod', ...}, 'request': &lt;SubRequest 'nhsd_apim_proxy_name' for &lt;Function test_ping&gt;&gt;}
log_line = {'args': [], 'exception': 'PROXY_NAME is not defined.', 'function_name': 'nhsd_apim_proxy_name', 'id': '292e562d-31f5-4761-a2c6-b74634a90ac8', ...}

    @functools.wraps(f)
    def log_function(*args, **kwargs):
        log_line = pre_log(f, *args, **kwargs)
        try:
            output = f(*args, **kwargs)
        except Exception as e:
&gt;           log_and_reraise(log_line, e)

.venv/lib/python3.10/site-packages/pytest_nhsd_apim/log.py:82: 
_ _ _ _ _ _ _ _ _ _ _ _ _ _ _ _ _ _ _ _ _ _ _ _ _ _ _ _ _ _ _ _ _ _ _ _ _ _ _ _ _ _ _ _ _ _ _ _ _ _ _ _ _ _ _ _ _ _ _ _ _ _ _ _ _ _ _ _ _ _ _ _ _ _ _ _ _ _ _ _ _ _ _ _ _ _ _ _ _ _ _ _ _ _ _ _ _ _ _ _ _ _ _ _ _ _ _ _ _ _ _ _ _ _ _ _ 
.venv/lib/python3.10/site-packages/pytest_nhsd_apim/log.py:59: in log_and_reraise
    raise e
.venv/lib/python3.10/site-packages/pytest_nhsd_apim/log.py:80: in log_function
    output = f(*args, **kwargs)
_ _ _ _ _ _ _ _ _ _ _ _ _ _ _ _ _ _ _ _ _ _ _ _ _ _ _ _ _ _ _ _ _ _ _ _ _ _ _ _ _ _ _ _ _ _ _ _ _ _ _ _ _ _ _ _ _ _ _ _ _ _ _ _ _ _ _ _ _ _ _ _ _ _ _ _ _ _ _ _ _ _ _ _ _ _ _ _ _ _ _ _ _ _ _ _ _ _ _ _ _ _ _ _ _ _ _ _ _ _ _ _ _ _ _ _ 

nhsd_apim_config = {'APIGEE_ACCESS_TOKEN': '', 'APIGEE_APP_ID': '', 'APIGEE_DEVELOPER': 'apm-testing-internal-dev@nhs.net', 'APIGEE_ORGANIZATION': 'nhsd-nonprod', ...}
request = &lt;SubRequest 'nhsd_apim_proxy_name' for &lt;Function test_ping&gt;&gt;

    @pytest.fixture()
    @log_method
    def nhsd_apim_proxy_name(nhsd_apim_config, request):
        marker = request.node.get_closest_marker("nhsd_apim_proxy_name")
        if marker:
            return marker.args[0]
        if nhsd_apim_config["PROXY_NAME"]:
            return nhsd_apim_config["PROXY_NAME"]
&gt;       raise ValueError("PROXY_NAME is not defined.")
E       ValueError: PROXY_NAME is not defined.

.venv/lib/python3.10/site-packages/pytest_nhsd_apim/config.py:140: ValueError</error></testcase><testcase classname="tests.test_endpoints" name="test_wait_for_ping" time="0.000"><error message="failed on setup with &quot;ValueError: PROXY_NAME is not defined.&quot;">args = ()
kwargs = {'nhsd_apim_config': {'APIGEE_ACCESS_TOKEN': '', 'APIGEE_APP_ID': '', 'APIGEE_DEVELOPER': 'apm-testing-internal-dev@nh..._ORGANIZATION': 'nhsd-nonprod', ...}, 'request': &lt;SubRequest 'nhsd_apim_proxy_name' for &lt;Function test_wait_for_ping&gt;&gt;}
log_line = {'args': [], 'exception': 'PROXY_NAME is not defined.', 'function_name': 'nhsd_apim_proxy_name', 'id': 'e2b6310e-7ed1-4da0-8aaf-383b796b2cf9', ...}

    @functools.wraps(f)
    def log_function(*args, **kwargs):
        log_line = pre_log(f, *args, **kwargs)
        try:
            output = f(*args, **kwargs)
        except Exception as e:
&gt;           log_and_reraise(log_line, e)

.venv/lib/python3.10/site-packages/pytest_nhsd_apim/log.py:82: 
_ _ _ _ _ _ _ _ _ _ _ _ _ _ _ _ _ _ _ _ _ _ _ _ _ _ _ _ _ _ _ _ _ _ _ _ _ _ _ _ _ _ _ _ _ _ _ _ _ _ _ _ _ _ _ _ _ _ _ _ _ _ _ _ _ _ _ _ _ _ _ _ _ _ _ _ _ _ _ _ _ _ _ _ _ _ _ _ _ _ _ _ _ _ _ _ _ _ _ _ _ _ _ _ _ _ _ _ _ _ _ _ _ _ _ _ 
.venv/lib/python3.10/site-packages/pytest_nhsd_apim/log.py:59: in log_and_reraise
    raise e
.venv/lib/python3.10/site-packages/pytest_nhsd_apim/log.py:80: in log_function
    output = f(*args, **kwargs)
_ _ _ _ _ _ _ _ _ _ _ _ _ _ _ _ _ _ _ _ _ _ _ _ _ _ _ _ _ _ _ _ _ _ _ _ _ _ _ _ _ _ _ _ _ _ _ _ _ _ _ _ _ _ _ _ _ _ _ _ _ _ _ _ _ _ _ _ _ _ _ _ _ _ _ _ _ _ _ _ _ _ _ _ _ _ _ _ _ _ _ _ _ _ _ _ _ _ _ _ _ _ _ _ _ _ _ _ _ _ _ _ _ _ _ _ 

nhsd_apim_config = {'APIGEE_ACCESS_TOKEN': '', 'APIGEE_APP_ID': '', 'APIGEE_DEVELOPER': 'apm-testing-internal-dev@nhs.net', 'APIGEE_ORGANIZATION': 'nhsd-nonprod', ...}
request = &lt;SubRequest 'nhsd_apim_proxy_name' for &lt;Function test_wait_for_ping&gt;&gt;

    @pytest.fixture()
    @log_method
    def nhsd_apim_proxy_name(nhsd_apim_config, request):
        marker = request.node.get_closest_marker("nhsd_apim_proxy_name")
        if marker:
            return marker.args[0]
        if nhsd_apim_config["PROXY_NAME"]:
            return nhsd_apim_config["PROXY_NAME"]
&gt;       raise ValueError("PROXY_NAME is not defined.")
E       ValueError: PROXY_NAME is not defined.

.venv/lib/python3.10/site-packages/pytest_nhsd_apim/config.py:140: ValueError</error></testcase><testcase classname="tests.test_endpoints" name="test_status" time="5.451"><error message="failed on setup with &quot;AssertionError: Could not CREATE TestApp: `apim-auto-bc2ce9ca-2662-47f8-bc9e-45b905d5c273`.&#09;Reason: &#10;assert 401 == 201&#10;  +401&#10;  -201&quot;">args = ()
kwargs = {'_apigee_app_base_url': 'https://api.enterprise.apigee.com/v1/organizations/nhsd-nonprod/developers/apm-testing-inter...nhsd-nonprod/apps', '_apigee_edge_session': &lt;requests.sessions.Session object at 0x104b6f760&gt;, '_test_app_id': '', ...}
log_line = {'args': [], 'exception': 'Could not CREATE TestApp: `apim-auto-bc2ce9ca-2662-47f8-bc9e-45b905d5c273`.\tReason: \nassert 401 == 201\n  +401\n  -201', 'function_name': '_create_test_app', 'id': '69241aac-a3f6-4d33-a0e8-5664260ee9ac', ...}

    @functools.wraps(f)
    def log_generator(*args, **kwargs):
        log_line = pre_log(f, *args, **kwargs)
        try:
            yield from f(*args, **kwargs)
        except Exception as e:
&gt;           log_and_reraise(log_line, e)

.venv/lib/python3.10/site-packages/pytest_nhsd_apim/log.py:73: 
_ _ _ _ _ _ _ _ _ _ _ _ _ _ _ _ _ _ _ _ _ _ _ _ _ _ _ _ _ _ _ _ _ _ _ _ _ _ _ _ _ _ _ _ _ _ _ _ _ _ _ _ _ _ _ _ _ _ _ _ _ _ _ _ _ _ _ _ _ _ _ _ _ _ _ _ _ _ _ _ _ _ _ _ _ _ _ _ _ _ _ _ _ _ _ _ _ _ _ _ _ _ _ _ _ _ _ _ _ _ _ _ _ _ _ _ 
.venv/lib/python3.10/site-packages/pytest_nhsd_apim/log.py:59: in log_and_reraise
    raise e
.venv/lib/python3.10/site-packages/pytest_nhsd_apim/log.py:71: in log_generator
    yield from f(*args, **kwargs)
_ _ _ _ _ _ _ _ _ _ _ _ _ _ _ _ _ _ _ _ _ _ _ _ _ _ _ _ _ _ _ _ _ _ _ _ _ _ _ _ _ _ _ _ _ _ _ _ _ _ _ _ _ _ _ _ _ _ _ _ _ _ _ _ _ _ _ _ _ _ _ _ _ _ _ _ _ _ _ _ _ _ _ _ _ _ _ _ _ _ _ _ _ _ _ _ _ _ _ _ _ _ _ _ _ _ _ _ _ _ _ _ _ _ _ _ 

_apigee_app_base_url = 'https://api.enterprise.apigee.com/v1/organizations/nhsd-nonprod/developers/apm-testing-internal-dev@nhs.net/apps'
_apigee_app_base_url_no_dev = 'https://api.enterprise.apigee.com/v1/organizations/nhsd-nonprod/apps', _apigee_edge_session = &lt;requests.sessions.Session object at 0x104b6f760&gt;
jwt_public_key_url = 'https://internal-dev.api.service.nhs.uk/mock-jwks/eyJrZXlzIjogW3sibiI6ICJzWVkxSHVYd24xNW1QSW83cFZLdmNjMXFPV21JdVphNU4...VrQ2R2dVQ1MkUzTTRfTzdzUEswLXBRR1pXVSIsICJlIjogIkFRQUIiLCAia3R5IjogIlJTQSIsICJraWQiOiAidGVzdC0xIiwgInVzZSI6ICJzaWcifV19'
nhsd_apim_pre_create_app = None, _test_app_id = ''

    @pytest.fixture(scope="session")
    @log_method
    def _create_test_app(
        _apigee_app_base_url,
        _apigee_app_base_url_no_dev,
        _apigee_edge_session,
        jwt_public_key_url,
        nhsd_apim_pre_create_app,
        _test_app_id,
    ):
        """
        Create an ephemeral app that lasts the duration of the pytest
        session.
    
        Note that a single app can have many sets of credentials.  Each
        set of credentials can be subscribed to a unique set of products,
        so one app can test your API against multiple product
        configurations should you need to do so.  See `app_credentials`
        for details.
        """
    
        # Retrieving pre-existing app
        if not _test_app_id == "":
            get_resp = _apigee_edge_session.get(_apigee_app_base_url_no_dev + "/" + _test_app_id)
            err_msg = f"Could not GET TestApp: {_test_app_id}.\tReason: {get_resp.text}"
            assert get_resp.status_code == 200, err_msg
            yield get_resp.json()
        else:
            app = {
                "name": f"apim-auto-{uuid4()}",
                "callbackUrl": "https://example.org/callback",
                "attributes": [{"name": "jwks-resource-url", "value": jwt_public_key_url}],
            }
            create_resp = _apigee_edge_session.post(_apigee_app_base_url, json=app)
            err_msg = f"Could not CREATE TestApp: `{app['name']}`.\tReason: {create_resp.text}"
&gt;           assert create_resp.status_code == 201, err_msg
E           AssertionError: Could not CREATE TestApp: `apim-auto-bc2ce9ca-2662-47f8-bc9e-45b905d5c273`.	Reason: 
E           assert 401 == 201
E             +401
E             -201

.venv/lib/python3.10/site-packages/pytest_nhsd_apim/apigee_edge.py:472: AssertionError</error></testcase><testcase classname="tests.test_endpoints" name="test_wait_for_status" time="0.000"><error message="failed on setup with &quot;AssertionError: Could not CREATE TestApp: `apim-auto-bc2ce9ca-2662-47f8-bc9e-45b905d5c273`.&#09;Reason: &#10;assert 401 == 201&#10;  +401&#10;  -201&quot;">args = ()
kwargs = {'_apigee_app_base_url': 'https://api.enterprise.apigee.com/v1/organizations/nhsd-nonprod/developers/apm-testing-inter...nhsd-nonprod/apps', '_apigee_edge_session': &lt;requests.sessions.Session object at 0x104b6f760&gt;, '_test_app_id': '', ...}
log_line = {'args': [], 'exception': 'Could not CREATE TestApp: `apim-auto-bc2ce9ca-2662-47f8-bc9e-45b905d5c273`.\tReason: \nassert 401 == 201\n  +401\n  -201', 'function_name': '_create_test_app', 'id': '69241aac-a3f6-4d33-a0e8-5664260ee9ac', ...}

    @functools.wraps(f)
    def log_generator(*args, **kwargs):
        log_line = pre_log(f, *args, **kwargs)
        try:
            yield from f(*args, **kwargs)
        except Exception as e:
&gt;           log_and_reraise(log_line, e)

.venv/lib/python3.10/site-packages/pytest_nhsd_apim/log.py:73: 
_ _ _ _ _ _ _ _ _ _ _ _ _ _ _ _ _ _ _ _ _ _ _ _ _ _ _ _ _ _ _ _ _ _ _ _ _ _ _ _ _ _ _ _ _ _ _ _ _ _ _ _ _ _ _ _ _ _ _ _ _ _ _ _ _ _ _ _ _ _ _ _ _ _ _ _ _ _ _ _ _ _ _ _ _ _ _ _ _ _ _ _ _ _ _ _ _ _ _ _ _ _ _ _ _ _ _ _ _ _ _ _ _ _ _ _ 
.venv/lib/python3.10/site-packages/pytest_nhsd_apim/log.py:59: in log_and_reraise
    raise e
.venv/lib/python3.10/site-packages/pytest_nhsd_apim/log.py:71: in log_generator
    yield from f(*args, **kwargs)
_ _ _ _ _ _ _ _ _ _ _ _ _ _ _ _ _ _ _ _ _ _ _ _ _ _ _ _ _ _ _ _ _ _ _ _ _ _ _ _ _ _ _ _ _ _ _ _ _ _ _ _ _ _ _ _ _ _ _ _ _ _ _ _ _ _ _ _ _ _ _ _ _ _ _ _ _ _ _ _ _ _ _ _ _ _ _ _ _ _ _ _ _ _ _ _ _ _ _ _ _ _ _ _ _ _ _ _ _ _ _ _ _ _ _ _ 

_apigee_app_base_url = 'https://api.enterprise.apigee.com/v1/organizations/nhsd-nonprod/developers/apm-testing-internal-dev@nhs.net/apps'
_apigee_app_base_url_no_dev = 'https://api.enterprise.apigee.com/v1/organizations/nhsd-nonprod/apps', _apigee_edge_session = &lt;requests.sessions.Session object at 0x104b6f760&gt;
jwt_public_key_url = 'https://internal-dev.api.service.nhs.uk/mock-jwks/eyJrZXlzIjogW3sibiI6ICJzWVkxSHVYd24xNW1QSW83cFZLdmNjMXFPV21JdVphNU4...VrQ2R2dVQ1MkUzTTRfTzdzUEswLXBRR1pXVSIsICJlIjogIkFRQUIiLCAia3R5IjogIlJTQSIsICJraWQiOiAidGVzdC0xIiwgInVzZSI6ICJzaWcifV19'
nhsd_apim_pre_create_app = None, _test_app_id = ''

    @pytest.fixture(scope="session")
    @log_method
    def _create_test_app(
        _apigee_app_base_url,
        _apigee_app_base_url_no_dev,
        _apigee_edge_session,
        jwt_public_key_url,
        nhsd_apim_pre_create_app,
        _test_app_id,
    ):
        """
        Create an ephemeral app that lasts the duration of the pytest
        session.
    
        Note that a single app can have many sets of credentials.  Each
        set of credentials can be subscribed to a unique set of products,
        so one app can test your API against multiple product
        configurations should you need to do so.  See `app_credentials`
        for details.
        """
    
        # Retrieving pre-existing app
        if not _test_app_id == "":
            get_resp = _apigee_edge_session.get(_apigee_app_base_url_no_dev + "/" + _test_app_id)
            err_msg = f"Could not GET TestApp: {_test_app_id}.\tReason: {get_resp.text}"
            assert get_resp.status_code == 200, err_msg
            yield get_resp.json()
        else:
            app = {
                "name": f"apim-auto-{uuid4()}",
                "callbackUrl": "https://example.org/callback",
                "attributes": [{"name": "jwks-resource-url", "value": jwt_public_key_url}],
            }
            create_resp = _apigee_edge_session.post(_apigee_app_base_url, json=app)
            err_msg = f"Could not CREATE TestApp: `{app['name']}`.\tReason: {create_resp.text}"
&gt;           assert create_resp.status_code == 201, err_msg
E           AssertionError: Could not CREATE TestApp: `apim-auto-bc2ce9ca-2662-47f8-bc9e-45b905d5c273`.	Reason: 
E           assert 401 == 201
E             +401
E             -201

.venv/lib/python3.10/site-packages/pytest_nhsd_apim/apigee_edge.py:472: AssertionError</error></testcase><testcase classname="tests.test_endpoints" name="test_auth_level0" time="0.000"><error message="failed on setup with &quot;AssertionError: Could not CREATE TestApp: `apim-auto-bc2ce9ca-2662-47f8-bc9e-45b905d5c273`.&#09;Reason: &#10;assert 401 == 201&#10;  +401&#10;  -201&quot;">args = ()
kwargs = {'_apigee_app_base_url': 'https://api.enterprise.apigee.com/v1/organizations/nhsd-nonprod/developers/apm-testing-inter...nhsd-nonprod/apps', '_apigee_edge_session': &lt;requests.sessions.Session object at 0x104b6f760&gt;, '_test_app_id': '', ...}
log_line = {'args': [], 'exception': 'Could not CREATE TestApp: `apim-auto-bc2ce9ca-2662-47f8-bc9e-45b905d5c273`.\tReason: \nassert 401 == 201\n  +401\n  -201', 'function_name': '_create_test_app', 'id': '69241aac-a3f6-4d33-a0e8-5664260ee9ac', ...}

    @functools.wraps(f)
    def log_generator(*args, **kwargs):
        log_line = pre_log(f, *args, **kwargs)
        try:
            yield from f(*args, **kwargs)
        except Exception as e:
&gt;           log_and_reraise(log_line, e)

.venv/lib/python3.10/site-packages/pytest_nhsd_apim/log.py:73: 
_ _ _ _ _ _ _ _ _ _ _ _ _ _ _ _ _ _ _ _ _ _ _ _ _ _ _ _ _ _ _ _ _ _ _ _ _ _ _ _ _ _ _ _ _ _ _ _ _ _ _ _ _ _ _ _ _ _ _ _ _ _ _ _ _ _ _ _ _ _ _ _ _ _ _ _ _ _ _ _ _ _ _ _ _ _ _ _ _ _ _ _ _ _ _ _ _ _ _ _ _ _ _ _ _ _ _ _ _ _ _ _ _ _ _ _ 
.venv/lib/python3.10/site-packages/pytest_nhsd_apim/log.py:59: in log_and_reraise
    raise e
.venv/lib/python3.10/site-packages/pytest_nhsd_apim/log.py:71: in log_generator
    yield from f(*args, **kwargs)
_ _ _ _ _ _ _ _ _ _ _ _ _ _ _ _ _ _ _ _ _ _ _ _ _ _ _ _ _ _ _ _ _ _ _ _ _ _ _ _ _ _ _ _ _ _ _ _ _ _ _ _ _ _ _ _ _ _ _ _ _ _ _ _ _ _ _ _ _ _ _ _ _ _ _ _ _ _ _ _ _ _ _ _ _ _ _ _ _ _ _ _ _ _ _ _ _ _ _ _ _ _ _ _ _ _ _ _ _ _ _ _ _ _ _ _ 

_apigee_app_base_url = 'https://api.enterprise.apigee.com/v1/organizations/nhsd-nonprod/developers/apm-testing-internal-dev@nhs.net/apps'
_apigee_app_base_url_no_dev = 'https://api.enterprise.apigee.com/v1/organizations/nhsd-nonprod/apps', _apigee_edge_session = &lt;requests.sessions.Session object at 0x104b6f760&gt;
jwt_public_key_url = 'https://internal-dev.api.service.nhs.uk/mock-jwks/eyJrZXlzIjogW3sibiI6ICJzWVkxSHVYd24xNW1QSW83cFZLdmNjMXFPV21JdVphNU4...VrQ2R2dVQ1MkUzTTRfTzdzUEswLXBRR1pXVSIsICJlIjogIkFRQUIiLCAia3R5IjogIlJTQSIsICJraWQiOiAidGVzdC0xIiwgInVzZSI6ICJzaWcifV19'
nhsd_apim_pre_create_app = None, _test_app_id = ''

    @pytest.fixture(scope="session")
    @log_method
    def _create_test_app(
        _apigee_app_base_url,
        _apigee_app_base_url_no_dev,
        _apigee_edge_session,
        jwt_public_key_url,
        nhsd_apim_pre_create_app,
        _test_app_id,
    ):
        """
        Create an ephemeral app that lasts the duration of the pytest
        session.
    
        Note that a single app can have many sets of credentials.  Each
        set of credentials can be subscribed to a unique set of products,
        so one app can test your API against multiple product
        configurations should you need to do so.  See `app_credentials`
        for details.
        """
    
        # Retrieving pre-existing app
        if not _test_app_id == "":
            get_resp = _apigee_edge_session.get(_apigee_app_base_url_no_dev + "/" + _test_app_id)
            err_msg = f"Could not GET TestApp: {_test_app_id}.\tReason: {get_resp.text}"
            assert get_resp.status_code == 200, err_msg
            yield get_resp.json()
        else:
            app = {
                "name": f"apim-auto-{uuid4()}",
                "callbackUrl": "https://example.org/callback",
                "attributes": [{"name": "jwks-resource-url", "value": jwt_public_key_url}],
            }
            create_resp = _apigee_edge_session.post(_apigee_app_base_url, json=app)
            err_msg = f"Could not CREATE TestApp: `{app['name']}`.\tReason: {create_resp.text}"
&gt;           assert create_resp.status_code == 201, err_msg
E           AssertionError: Could not CREATE TestApp: `apim-auto-bc2ce9ca-2662-47f8-bc9e-45b905d5c273`.	Reason: 
E           assert 401 == 201
E             +401
E             -201

.venv/lib/python3.10/site-packages/pytest_nhsd_apim/apigee_edge.py:472: AssertionError</error></testcase><testcase classname="tests.test_endpoints" name="test_nhs_login_p9" time="0.000"><error message="failed on setup with &quot;AssertionError: Could not CREATE TestApp: `apim-auto-bc2ce9ca-2662-47f8-bc9e-45b905d5c273`.&#09;Reason: &#10;assert 401 == 201&#10;  +401&#10;  -201&quot;">args = ()
kwargs = {'_apigee_app_base_url': 'https://api.enterprise.apigee.com/v1/organizations/nhsd-nonprod/developers/apm-testing-inter...nhsd-nonprod/apps', '_apigee_edge_session': &lt;requests.sessions.Session object at 0x104b6f760&gt;, '_test_app_id': '', ...}
log_line = {'args': [], 'exception': 'Could not CREATE TestApp: `apim-auto-bc2ce9ca-2662-47f8-bc9e-45b905d5c273`.\tReason: \nassert 401 == 201\n  +401\n  -201', 'function_name': '_create_test_app', 'id': '69241aac-a3f6-4d33-a0e8-5664260ee9ac', ...}

    @functools.wraps(f)
    def log_generator(*args, **kwargs):
        log_line = pre_log(f, *args, **kwargs)
        try:
            yield from f(*args, **kwargs)
        except Exception as e:
&gt;           log_and_reraise(log_line, e)

.venv/lib/python3.10/site-packages/pytest_nhsd_apim/log.py:73: 
_ _ _ _ _ _ _ _ _ _ _ _ _ _ _ _ _ _ _ _ _ _ _ _ _ _ _ _ _ _ _ _ _ _ _ _ _ _ _ _ _ _ _ _ _ _ _ _ _ _ _ _ _ _ _ _ _ _ _ _ _ _ _ _ _ _ _ _ _ _ _ _ _ _ _ _ _ _ _ _ _ _ _ _ _ _ _ _ _ _ _ _ _ _ _ _ _ _ _ _ _ _ _ _ _ _ _ _ _ _ _ _ _ _ _ _ 
.venv/lib/python3.10/site-packages/pytest_nhsd_apim/log.py:59: in log_and_reraise
    raise e
.venv/lib/python3.10/site-packages/pytest_nhsd_apim/log.py:71: in log_generator
    yield from f(*args, **kwargs)
_ _ _ _ _ _ _ _ _ _ _ _ _ _ _ _ _ _ _ _ _ _ _ _ _ _ _ _ _ _ _ _ _ _ _ _ _ _ _ _ _ _ _ _ _ _ _ _ _ _ _ _ _ _ _ _ _ _ _ _ _ _ _ _ _ _ _ _ _ _ _ _ _ _ _ _ _ _ _ _ _ _ _ _ _ _ _ _ _ _ _ _ _ _ _ _ _ _ _ _ _ _ _ _ _ _ _ _ _ _ _ _ _ _ _ _ 

_apigee_app_base_url = 'https://api.enterprise.apigee.com/v1/organizations/nhsd-nonprod/developers/apm-testing-internal-dev@nhs.net/apps'
_apigee_app_base_url_no_dev = 'https://api.enterprise.apigee.com/v1/organizations/nhsd-nonprod/apps', _apigee_edge_session = &lt;requests.sessions.Session object at 0x104b6f760&gt;
jwt_public_key_url = 'https://internal-dev.api.service.nhs.uk/mock-jwks/eyJrZXlzIjogW3sibiI6ICJzWVkxSHVYd24xNW1QSW83cFZLdmNjMXFPV21JdVphNU4...VrQ2R2dVQ1MkUzTTRfTzdzUEswLXBRR1pXVSIsICJlIjogIkFRQUIiLCAia3R5IjogIlJTQSIsICJraWQiOiAidGVzdC0xIiwgInVzZSI6ICJzaWcifV19'
nhsd_apim_pre_create_app = None, _test_app_id = ''

    @pytest.fixture(scope="session")
    @log_method
    def _create_test_app(
        _apigee_app_base_url,
        _apigee_app_base_url_no_dev,
        _apigee_edge_session,
        jwt_public_key_url,
        nhsd_apim_pre_create_app,
        _test_app_id,
    ):
        """
        Create an ephemeral app that lasts the duration of the pytest
        session.
    
        Note that a single app can have many sets of credentials.  Each
        set of credentials can be subscribed to a unique set of products,
        so one app can test your API against multiple product
        configurations should you need to do so.  See `app_credentials`
        for details.
        """
    
        # Retrieving pre-existing app
        if not _test_app_id == "":
            get_resp = _apigee_edge_session.get(_apigee_app_base_url_no_dev + "/" + _test_app_id)
            err_msg = f"Could not GET TestApp: {_test_app_id}.\tReason: {get_resp.text}"
            assert get_resp.status_code == 200, err_msg
            yield get_resp.json()
        else:
            app = {
                "name": f"apim-auto-{uuid4()}",
                "callbackUrl": "https://example.org/callback",
                "attributes": [{"name": "jwks-resource-url", "value": jwt_public_key_url}],
            }
            create_resp = _apigee_edge_session.post(_apigee_app_base_url, json=app)
            err_msg = f"Could not CREATE TestApp: `{app['name']}`.\tReason: {create_resp.text}"
&gt;           assert create_resp.status_code == 201, err_msg
E           AssertionError: Could not CREATE TestApp: `apim-auto-bc2ce9ca-2662-47f8-bc9e-45b905d5c273`.	Reason: 
E           assert 401 == 201
E             +401
E             -201

.venv/lib/python3.10/site-packages/pytest_nhsd_apim/apigee_edge.py:472: AssertionError</error></testcase><testcase classname="token_validator.tests.test_validate_access_token" name="test_valid_token" time="0.000"><error message="failed on setup with &quot;AssertionError: Could not CREATE TestApp: `apim-auto-bc2ce9ca-2662-47f8-bc9e-45b905d5c273`.&#09;Reason: &#10;assert 401 == 201&#10;  +401&#10;  -201&quot;">args = ()
kwargs = {'_apigee_app_base_url': 'https://api.enterprise.apigee.com/v1/organizations/nhsd-nonprod/developers/apm-testing-inter...nhsd-nonprod/apps', '_apigee_edge_session': &lt;requests.sessions.Session object at 0x104b6f760&gt;, '_test_app_id': '', ...}
log_line = {'args': [], 'exception': 'Could not CREATE TestApp: `apim-auto-bc2ce9ca-2662-47f8-bc9e-45b905d5c273`.\tReason: \nassert 401 == 201\n  +401\n  -201', 'function_name': '_create_test_app', 'id': '69241aac-a3f6-4d33-a0e8-5664260ee9ac', ...}

    @functools.wraps(f)
    def log_generator(*args, **kwargs):
        log_line = pre_log(f, *args, **kwargs)
        try:
            yield from f(*args, **kwargs)
        except Exception as e:
&gt;           log_and_reraise(log_line, e)

.venv/lib/python3.10/site-packages/pytest_nhsd_apim/log.py:73: 
_ _ _ _ _ _ _ _ _ _ _ _ _ _ _ _ _ _ _ _ _ _ _ _ _ _ _ _ _ _ _ _ _ _ _ _ _ _ _ _ _ _ _ _ _ _ _ _ _ _ _ _ _ _ _ _ _ _ _ _ _ _ _ _ _ _ _ _ _ _ _ _ _ _ _ _ _ _ _ _ _ _ _ _ _ _ _ _ _ _ _ _ _ _ _ _ _ _ _ _ _ _ _ _ _ _ _ _ _ _ _ _ _ _ _ _ 
.venv/lib/python3.10/site-packages/pytest_nhsd_apim/log.py:59: in log_and_reraise
    raise e
.venv/lib/python3.10/site-packages/pytest_nhsd_apim/log.py:71: in log_generator
    yield from f(*args, **kwargs)
_ _ _ _ _ _ _ _ _ _ _ _ _ _ _ _ _ _ _ _ _ _ _ _ _ _ _ _ _ _ _ _ _ _ _ _ _ _ _ _ _ _ _ _ _ _ _ _ _ _ _ _ _ _ _ _ _ _ _ _ _ _ _ _ _ _ _ _ _ _ _ _ _ _ _ _ _ _ _ _ _ _ _ _ _ _ _ _ _ _ _ _ _ _ _ _ _ _ _ _ _ _ _ _ _ _ _ _ _ _ _ _ _ _ _ _ 

_apigee_app_base_url = 'https://api.enterprise.apigee.com/v1/organizations/nhsd-nonprod/developers/apm-testing-internal-dev@nhs.net/apps'
_apigee_app_base_url_no_dev = 'https://api.enterprise.apigee.com/v1/organizations/nhsd-nonprod/apps', _apigee_edge_session = &lt;requests.sessions.Session object at 0x104b6f760&gt;
jwt_public_key_url = 'https://internal-dev.api.service.nhs.uk/mock-jwks/eyJrZXlzIjogW3sibiI6ICJzWVkxSHVYd24xNW1QSW83cFZLdmNjMXFPV21JdVphNU4...VrQ2R2dVQ1MkUzTTRfTzdzUEswLXBRR1pXVSIsICJlIjogIkFRQUIiLCAia3R5IjogIlJTQSIsICJraWQiOiAidGVzdC0xIiwgInVzZSI6ICJzaWcifV19'
nhsd_apim_pre_create_app = None, _test_app_id = ''

    @pytest.fixture(scope="session")
    @log_method
    def _create_test_app(
        _apigee_app_base_url,
        _apigee_app_base_url_no_dev,
        _apigee_edge_session,
        jwt_public_key_url,
        nhsd_apim_pre_create_app,
        _test_app_id,
    ):
        """
        Create an ephemeral app that lasts the duration of the pytest
        session.
    
        Note that a single app can have many sets of credentials.  Each
        set of credentials can be subscribed to a unique set of products,
        so one app can test your API against multiple product
        configurations should you need to do so.  See `app_credentials`
        for details.
        """
    
        # Retrieving pre-existing app
        if not _test_app_id == "":
            get_resp = _apigee_edge_session.get(_apigee_app_base_url_no_dev + "/" + _test_app_id)
            err_msg = f"Could not GET TestApp: {_test_app_id}.\tReason: {get_resp.text}"
            assert get_resp.status_code == 200, err_msg
            yield get_resp.json()
        else:
            app = {
                "name": f"apim-auto-{uuid4()}",
                "callbackUrl": "https://example.org/callback",
                "attributes": [{"name": "jwks-resource-url", "value": jwt_public_key_url}],
            }
            create_resp = _apigee_edge_session.post(_apigee_app_base_url, json=app)
            err_msg = f"Could not CREATE TestApp: `{app['name']}`.\tReason: {create_resp.text}"
&gt;           assert create_resp.status_code == 201, err_msg
E           AssertionError: Could not CREATE TestApp: `apim-auto-bc2ce9ca-2662-47f8-bc9e-45b905d5c273`.	Reason: 
E           assert 401 == 201
E             +401
E             -201

.venv/lib/python3.10/site-packages/pytest_nhsd_apim/apigee_edge.py:472: AssertionError</error></testcase><testcase classname="token_validator.tests.test_validate_access_token" name="test_invalid_token" time="0.000"><error message="failed on setup with &quot;AssertionError: Could not CREATE TestApp: `apim-auto-bc2ce9ca-2662-47f8-bc9e-45b905d5c273`.&#09;Reason: &#10;assert 401 == 201&#10;  +401&#10;  -201&quot;">args = ()
kwargs = {'_apigee_app_base_url': 'https://api.enterprise.apigee.com/v1/organizations/nhsd-nonprod/developers/apm-testing-inter...nhsd-nonprod/apps', '_apigee_edge_session': &lt;requests.sessions.Session object at 0x104b6f760&gt;, '_test_app_id': '', ...}
log_line = {'args': [], 'exception': 'Could not CREATE TestApp: `apim-auto-bc2ce9ca-2662-47f8-bc9e-45b905d5c273`.\tReason: \nassert 401 == 201\n  +401\n  -201', 'function_name': '_create_test_app', 'id': '69241aac-a3f6-4d33-a0e8-5664260ee9ac', ...}

    @functools.wraps(f)
    def log_generator(*args, **kwargs):
        log_line = pre_log(f, *args, **kwargs)
        try:
            yield from f(*args, **kwargs)
        except Exception as e:
&gt;           log_and_reraise(log_line, e)

.venv/lib/python3.10/site-packages/pytest_nhsd_apim/log.py:73: 
_ _ _ _ _ _ _ _ _ _ _ _ _ _ _ _ _ _ _ _ _ _ _ _ _ _ _ _ _ _ _ _ _ _ _ _ _ _ _ _ _ _ _ _ _ _ _ _ _ _ _ _ _ _ _ _ _ _ _ _ _ _ _ _ _ _ _ _ _ _ _ _ _ _ _ _ _ _ _ _ _ _ _ _ _ _ _ _ _ _ _ _ _ _ _ _ _ _ _ _ _ _ _ _ _ _ _ _ _ _ _ _ _ _ _ _ 
.venv/lib/python3.10/site-packages/pytest_nhsd_apim/log.py:59: in log_and_reraise
    raise e
.venv/lib/python3.10/site-packages/pytest_nhsd_apim/log.py:71: in log_generator
    yield from f(*args, **kwargs)
_ _ _ _ _ _ _ _ _ _ _ _ _ _ _ _ _ _ _ _ _ _ _ _ _ _ _ _ _ _ _ _ _ _ _ _ _ _ _ _ _ _ _ _ _ _ _ _ _ _ _ _ _ _ _ _ _ _ _ _ _ _ _ _ _ _ _ _ _ _ _ _ _ _ _ _ _ _ _ _ _ _ _ _ _ _ _ _ _ _ _ _ _ _ _ _ _ _ _ _ _ _ _ _ _ _ _ _ _ _ _ _ _ _ _ _ 

_apigee_app_base_url = 'https://api.enterprise.apigee.com/v1/organizations/nhsd-nonprod/developers/apm-testing-internal-dev@nhs.net/apps'
_apigee_app_base_url_no_dev = 'https://api.enterprise.apigee.com/v1/organizations/nhsd-nonprod/apps', _apigee_edge_session = &lt;requests.sessions.Session object at 0x104b6f760&gt;
jwt_public_key_url = 'https://internal-dev.api.service.nhs.uk/mock-jwks/eyJrZXlzIjogW3sibiI6ICJzWVkxSHVYd24xNW1QSW83cFZLdmNjMXFPV21JdVphNU4...VrQ2R2dVQ1MkUzTTRfTzdzUEswLXBRR1pXVSIsICJlIjogIkFRQUIiLCAia3R5IjogIlJTQSIsICJraWQiOiAidGVzdC0xIiwgInVzZSI6ICJzaWcifV19'
nhsd_apim_pre_create_app = None, _test_app_id = ''

    @pytest.fixture(scope="session")
    @log_method
    def _create_test_app(
        _apigee_app_base_url,
        _apigee_app_base_url_no_dev,
        _apigee_edge_session,
        jwt_public_key_url,
        nhsd_apim_pre_create_app,
        _test_app_id,
    ):
        """
        Create an ephemeral app that lasts the duration of the pytest
        session.
    
        Note that a single app can have many sets of credentials.  Each
        set of credentials can be subscribed to a unique set of products,
        so one app can test your API against multiple product
        configurations should you need to do so.  See `app_credentials`
        for details.
        """
    
        # Retrieving pre-existing app
        if not _test_app_id == "":
            get_resp = _apigee_edge_session.get(_apigee_app_base_url_no_dev + "/" + _test_app_id)
            err_msg = f"Could not GET TestApp: {_test_app_id}.\tReason: {get_resp.text}"
            assert get_resp.status_code == 200, err_msg
            yield get_resp.json()
        else:
            app = {
                "name": f"apim-auto-{uuid4()}",
                "callbackUrl": "https://example.org/callback",
                "attributes": [{"name": "jwks-resource-url", "value": jwt_public_key_url}],
            }
            create_resp = _apigee_edge_session.post(_apigee_app_base_url, json=app)
            err_msg = f"Could not CREATE TestApp: `{app['name']}`.\tReason: {create_resp.text}"
&gt;           assert create_resp.status_code == 201, err_msg
E           AssertionError: Could not CREATE TestApp: `apim-auto-bc2ce9ca-2662-47f8-bc9e-45b905d5c273`.	Reason: 
E           assert 401 == 201
E             +401
E             -201

.venv/lib/python3.10/site-packages/pytest_nhsd_apim/apigee_edge.py:472: AssertionError</error></testcase><testcase classname="token_validator.tests.test_validate_access_token" name="test_happy_path" time="0.000"><error message="failed on setup with &quot;AssertionError: Could not CREATE TestApp: `apim-auto-bc2ce9ca-2662-47f8-bc9e-45b905d5c273`.&#09;Reason: &#10;assert 401 == 201&#10;  +401&#10;  -201&quot;">args = ()
kwargs = {'_apigee_app_base_url': 'https://api.enterprise.apigee.com/v1/organizations/nhsd-nonprod/developers/apm-testing-inter...nhsd-nonprod/apps', '_apigee_edge_session': &lt;requests.sessions.Session object at 0x104b6f760&gt;, '_test_app_id': '', ...}
log_line = {'args': [], 'exception': 'Could not CREATE TestApp: `apim-auto-bc2ce9ca-2662-47f8-bc9e-45b905d5c273`.\tReason: \nassert 401 == 201\n  +401\n  -201', 'function_name': '_create_test_app', 'id': '69241aac-a3f6-4d33-a0e8-5664260ee9ac', ...}

    @functools.wraps(f)
    def log_generator(*args, **kwargs):
        log_line = pre_log(f, *args, **kwargs)
        try:
            yield from f(*args, **kwargs)
        except Exception as e:
&gt;           log_and_reraise(log_line, e)

.venv/lib/python3.10/site-packages/pytest_nhsd_apim/log.py:73: 
_ _ _ _ _ _ _ _ _ _ _ _ _ _ _ _ _ _ _ _ _ _ _ _ _ _ _ _ _ _ _ _ _ _ _ _ _ _ _ _ _ _ _ _ _ _ _ _ _ _ _ _ _ _ _ _ _ _ _ _ _ _ _ _ _ _ _ _ _ _ _ _ _ _ _ _ _ _ _ _ _ _ _ _ _ _ _ _ _ _ _ _ _ _ _ _ _ _ _ _ _ _ _ _ _ _ _ _ _ _ _ _ _ _ _ _ 
.venv/lib/python3.10/site-packages/pytest_nhsd_apim/log.py:59: in log_and_reraise
    raise e
.venv/lib/python3.10/site-packages/pytest_nhsd_apim/log.py:71: in log_generator
    yield from f(*args, **kwargs)
_ _ _ _ _ _ _ _ _ _ _ _ _ _ _ _ _ _ _ _ _ _ _ _ _ _ _ _ _ _ _ _ _ _ _ _ _ _ _ _ _ _ _ _ _ _ _ _ _ _ _ _ _ _ _ _ _ _ _ _ _ _ _ _ _ _ _ _ _ _ _ _ _ _ _ _ _ _ _ _ _ _ _ _ _ _ _ _ _ _ _ _ _ _ _ _ _ _ _ _ _ _ _ _ _ _ _ _ _ _ _ _ _ _ _ _ 

_apigee_app_base_url = 'https://api.enterprise.apigee.com/v1/organizations/nhsd-nonprod/developers/apm-testing-internal-dev@nhs.net/apps'
_apigee_app_base_url_no_dev = 'https://api.enterprise.apigee.com/v1/organizations/nhsd-nonprod/apps', _apigee_edge_session = &lt;requests.sessions.Session object at 0x104b6f760&gt;
jwt_public_key_url = 'https://internal-dev.api.service.nhs.uk/mock-jwks/eyJrZXlzIjogW3sibiI6ICJzWVkxSHVYd24xNW1QSW83cFZLdmNjMXFPV21JdVphNU4...VrQ2R2dVQ1MkUzTTRfTzdzUEswLXBRR1pXVSIsICJlIjogIkFRQUIiLCAia3R5IjogIlJTQSIsICJraWQiOiAidGVzdC0xIiwgInVzZSI6ICJzaWcifV19'
nhsd_apim_pre_create_app = None, _test_app_id = ''

    @pytest.fixture(scope="session")
    @log_method
    def _create_test_app(
        _apigee_app_base_url,
        _apigee_app_base_url_no_dev,
        _apigee_edge_session,
        jwt_public_key_url,
        nhsd_apim_pre_create_app,
        _test_app_id,
    ):
        """
        Create an ephemeral app that lasts the duration of the pytest
        session.
    
        Note that a single app can have many sets of credentials.  Each
        set of credentials can be subscribed to a unique set of products,
        so one app can test your API against multiple product
        configurations should you need to do so.  See `app_credentials`
        for details.
        """
    
        # Retrieving pre-existing app
        if not _test_app_id == "":
            get_resp = _apigee_edge_session.get(_apigee_app_base_url_no_dev + "/" + _test_app_id)
            err_msg = f"Could not GET TestApp: {_test_app_id}.\tReason: {get_resp.text}"
            assert get_resp.status_code == 200, err_msg
            yield get_resp.json()
        else:
            app = {
                "name": f"apim-auto-{uuid4()}",
                "callbackUrl": "https://example.org/callback",
                "attributes": [{"name": "jwks-resource-url", "value": jwt_public_key_url}],
            }
            create_resp = _apigee_edge_session.post(_apigee_app_base_url, json=app)
            err_msg = f"Could not CREATE TestApp: `{app['name']}`.\tReason: {create_resp.text}"
&gt;           assert create_resp.status_code == 201, err_msg
E           AssertionError: Could not CREATE TestApp: `apim-auto-bc2ce9ca-2662-47f8-bc9e-45b905d5c273`.	Reason: 
E           assert 401 == 201
E             +401
E             -201

.venv/lib/python3.10/site-packages/pytest_nhsd_apim/apigee_edge.py:472: AssertionError</error></testcase><testcase classname="token_validator.tests.test_validate_access_token" name="test_401_invalid_token" time="0.001"><error message="failed on setup with &quot;AssertionError: Could not CREATE TestApp: `apim-auto-bc2ce9ca-2662-47f8-bc9e-45b905d5c273`.&#09;Reason: &#10;assert 401 == 201&#10;  +401&#10;  -201&quot;">args = ()
kwargs = {'_apigee_app_base_url': 'https://api.enterprise.apigee.com/v1/organizations/nhsd-nonprod/developers/apm-testing-inter...nhsd-nonprod/apps', '_apigee_edge_session': &lt;requests.sessions.Session object at 0x104b6f760&gt;, '_test_app_id': '', ...}
log_line = {'args': [], 'exception': 'Could not CREATE TestApp: `apim-auto-bc2ce9ca-2662-47f8-bc9e-45b905d5c273`.\tReason: \nassert 401 == 201\n  +401\n  -201', 'function_name': '_create_test_app', 'id': '69241aac-a3f6-4d33-a0e8-5664260ee9ac', ...}

    @functools.wraps(f)
    def log_generator(*args, **kwargs):
        log_line = pre_log(f, *args, **kwargs)
        try:
            yield from f(*args, **kwargs)
        except Exception as e:
&gt;           log_and_reraise(log_line, e)

.venv/lib/python3.10/site-packages/pytest_nhsd_apim/log.py:73: 
_ _ _ _ _ _ _ _ _ _ _ _ _ _ _ _ _ _ _ _ _ _ _ _ _ _ _ _ _ _ _ _ _ _ _ _ _ _ _ _ _ _ _ _ _ _ _ _ _ _ _ _ _ _ _ _ _ _ _ _ _ _ _ _ _ _ _ _ _ _ _ _ _ _ _ _ _ _ _ _ _ _ _ _ _ _ _ _ _ _ _ _ _ _ _ _ _ _ _ _ _ _ _ _ _ _ _ _ _ _ _ _ _ _ _ _ 
.venv/lib/python3.10/site-packages/pytest_nhsd_apim/log.py:59: in log_and_reraise
    raise e
.venv/lib/python3.10/site-packages/pytest_nhsd_apim/log.py:71: in log_generator
    yield from f(*args, **kwargs)
_ _ _ _ _ _ _ _ _ _ _ _ _ _ _ _ _ _ _ _ _ _ _ _ _ _ _ _ _ _ _ _ _ _ _ _ _ _ _ _ _ _ _ _ _ _ _ _ _ _ _ _ _ _ _ _ _ _ _ _ _ _ _ _ _ _ _ _ _ _ _ _ _ _ _ _ _ _ _ _ _ _ _ _ _ _ _ _ _ _ _ _ _ _ _ _ _ _ _ _ _ _ _ _ _ _ _ _ _ _ _ _ _ _ _ _ 

_apigee_app_base_url = 'https://api.enterprise.apigee.com/v1/organizations/nhsd-nonprod/developers/apm-testing-internal-dev@nhs.net/apps'
_apigee_app_base_url_no_dev = 'https://api.enterprise.apigee.com/v1/organizations/nhsd-nonprod/apps', _apigee_edge_session = &lt;requests.sessions.Session object at 0x104b6f760&gt;
jwt_public_key_url = 'https://internal-dev.api.service.nhs.uk/mock-jwks/eyJrZXlzIjogW3sibiI6ICJzWVkxSHVYd24xNW1QSW83cFZLdmNjMXFPV21JdVphNU4...VrQ2R2dVQ1MkUzTTRfTzdzUEswLXBRR1pXVSIsICJlIjogIkFRQUIiLCAia3R5IjogIlJTQSIsICJraWQiOiAidGVzdC0xIiwgInVzZSI6ICJzaWcifV19'
nhsd_apim_pre_create_app = None, _test_app_id = ''

    @pytest.fixture(scope="session")
    @log_method
    def _create_test_app(
        _apigee_app_base_url,
        _apigee_app_base_url_no_dev,
        _apigee_edge_session,
        jwt_public_key_url,
        nhsd_apim_pre_create_app,
        _test_app_id,
    ):
        """
        Create an ephemeral app that lasts the duration of the pytest
        session.
    
        Note that a single app can have many sets of credentials.  Each
        set of credentials can be subscribed to a unique set of products,
        so one app can test your API against multiple product
        configurations should you need to do so.  See `app_credentials`
        for details.
        """
    
        # Retrieving pre-existing app
        if not _test_app_id == "":
            get_resp = _apigee_edge_session.get(_apigee_app_base_url_no_dev + "/" + _test_app_id)
            err_msg = f"Could not GET TestApp: {_test_app_id}.\tReason: {get_resp.text}"
            assert get_resp.status_code == 200, err_msg
            yield get_resp.json()
        else:
            app = {
                "name": f"apim-auto-{uuid4()}",
                "callbackUrl": "https://example.org/callback",
                "attributes": [{"name": "jwks-resource-url", "value": jwt_public_key_url}],
            }
            create_resp = _apigee_edge_session.post(_apigee_app_base_url, json=app)
            err_msg = f"Could not CREATE TestApp: `{app['name']}`.\tReason: {create_resp.text}"
&gt;           assert create_resp.status_code == 201, err_msg
E           AssertionError: Could not CREATE TestApp: `apim-auto-bc2ce9ca-2662-47f8-bc9e-45b905d5c273`.	Reason: 
E           assert 401 == 201
E             +401
E             -201

.venv/lib/python3.10/site-packages/pytest_nhsd_apim/apigee_edge.py:472: AssertionError</error></testcase></testsuite></testsuites>